<?xml version="1.0" encoding="UTF-8"?>
<!-- Generated by org.testng.reporters.JUnitReportReporter -->
<testsuite hostname="LAPTOP-NHSCES8P" failures="0" tests="1" name="Vtiger.Practice.PContactsTest" time="18.717" errors="0" timestamp="2023-07-21T11:28:26 GMT-04:00" skipped="0">
  <testcase classname="Vtiger.Practice.PContactsTest" name="contactsTest" time="18.717"/>
  <system-out/>
</testsuite> <!-- Vtiger.Practice.PContactsTest -->
