<?xml version="1.0" encoding="UTF-8"?>
<!-- Generated by org.testng.reporters.JUnitReportReporter -->
<testsuite hostname="LAPTOP-NHSCES8P" failures="0" tests="3" name="Vtiger.Practice.DataProviderPractice" time="0.072" errors="0" timestamp="2023-07-18T11:06:45 GMT-04:00" skipped="0">
  <testcase classname="Vtiger.Practice.DataProviderPractice" name="addToCart" time="0.011"/>
  <system-out/>
  <testcase classname="Vtiger.Practice.DataProviderPractice" name="addToCart" time="0.053"/>
  <system-out/>
  <testcase classname="Vtiger.Practice.DataProviderPractice" name="addToCart" time="0.008"/>
  <system-out/>
</testsuite> <!-- Vtiger.Practice.DataProviderPractice -->
