<?xml version="1.0" encoding="UTF-8"?>
<!-- Generated by org.testng.reporters.JUnitReportReporter -->
<testsuite hostname="LAPTOP-NHSCES8P" failures="0" tests="1" name="Vtiger.Practice.AssertionPractice" time="0.011" errors="0" timestamp="2023-07-20T20:18:38 GMT-04:00" skipped="0">
  <testcase classname="Vtiger.Practice.AssertionPractice" name="assertequals" time="0.011"/>
  <system-out/>
</testsuite> <!-- Vtiger.Practice.AssertionPractice -->
