<?xml version="1.0" encoding="UTF-8"?>
<!-- Generated by org.testng.reporters.JUnitReportReporter -->
<testsuite hostname="LAPTOP-NHSCES8P" failures="0" tests="1" name="Vtiger.Practice.PorganizationsTest" time="21.579" errors="0" timestamp="2023-07-21T11:28:27 GMT-04:00" skipped="0">
  <testcase classname="Vtiger.Practice.PorganizationsTest" name="organizationsTest" time="21.579"/>
  <system-out/>
</testsuite> <!-- Vtiger.Practice.PorganizationsTest -->
